<?xml version="1.0" encoding="UTF-8"?>
<!-- Generated by org.testng.reporters.JUnitXMLReporter -->
<testsuite hostname="ip-172-31-83-226" ignored="0" name="Test" tests="2" failures="1" timestamp="11 Nov 2021 20:24:02 GMT" time="12.56" errors="0">
  <testcase name="buyMobile" time="7.398" classname="in.amazon.testscripts.BuyMobilePhoneTest"/>
  <testcase name="invalidUserShouldNotBeAbleToLogin" time="0.002" classname="in.amazon.testscripts.invaliduserTest">
    <failure type="java.lang.NullPointerException">
      <![CDATA[java.lang.NullPointerException
at java.util.Objects.requireNonNull(Objects.java:203)
at org.openqa.selenium.interactions.Actions.<init>(Actions.java:65)
at in.amazon.pages.LandingPage.<init>(LandingPage.java:28)
at in.amazon.testscripts.invaliduserTest.invalidUserShouldNotBeAbleToLogin(invaliduserTest.java:22)
... Removed 25 stack frames]]>
    </failure>
  </testcase> <!-- invalidUserShouldNotBeAbleToLogin -->
</testsuite> <!-- Test -->
